\BOOKMARK [0][-]{chapter.1}{\376\377\000I\000n\000t\000r\000o\000d\000u\000c\000t\000i\000o\000n}{}% 1
\BOOKMARK [0][-]{chapter.2}{\376\377\000B\000a\000s\000e\000\040\000d\000e\000\040\000d\000o\000n\000n\000\351\000e\000s}{}% 2
\BOOKMARK [1][-]{section.2.1}{\376\377\000P\000a\000s\000s\000a\000g\000e\000\040\000m\000o\000d\000\350\000l\000e\000\040\000E\000-\000A\000\040\000v\000e\000r\000s\000\040\000r\000e\000l\000a\000t\000i\000o\000n\000n\000e\000l}{chapter.2}% 3
\BOOKMARK [1][-]{section.2.2}{\376\377\000I\000m\000p\000l\000\351\000m\000e\000n\000t\000a\000t\000i\000o\000n\000\040\000d\000e\000\040\000l\000a\000\040\000p\000e\000r\000s\000i\000s\000t\000a\000n\000c\000e\000\040\000a\000v\000e\000c\000\040\000J\000D\000B\000C}{chapter.2}% 4
\BOOKMARK [1][-]{section.2.3}{\376\377\000E\000n\000r\000e\000g\000i\000s\000t\000r\000e\000m\000e\000n\000t\000\040\000d\000e\000s\000\040\000d\000o\000n\000n\000\351\000e\000s\000:\000\040\000E\000n\000r\000e\000g\000i\000s\000t\000r\000e\000u\000r\000B\000D\000.\000j\000a\000v\000a}{chapter.2}% 5
\BOOKMARK [1][-]{section.2.4}{\376\377\000L\000e\000c\000t\000u\000r\000e\000\040\000d\000e\000s\000\040\000d\000o\000n\000n\000\351\000e\000s\000:\000\040\000L\000e\000c\000t\000e\000u\000r\000B\000D\000.\000j\000a\000v\000a}{chapter.2}% 6
\BOOKMARK [1][-]{section.2.5}{\376\377\000F\000i\000c\000h\000i\000e\000r\000\040\000d\000e\000\040\000t\000e\000s\000t\000\040\000e\000t\000\040\000d\000\351\000m\000o\000n\000s\000t\000r\000a\000t\000i\000o\000n}{chapter.2}% 7
\BOOKMARK [0][-]{chapter.3}{\376\377\000C\000o\000m\000p\000i\000l\000a\000t\000i\000o\000n}{}% 8
\BOOKMARK [1][-]{section.3.1}{\376\377\000O\000r\000g\000a\000n\000i\000s\000a\000t\000i\000o\000n}{chapter.3}% 9
\BOOKMARK [1][-]{section.3.2}{\376\377\000E\000t\000u\000d\000e\000\040\000d\000u\000\040\000p\000r\000o\000b\000l\000\350\000m\000e}{chapter.3}% 10
\BOOKMARK [1][-]{section.3.3}{\376\377\000R\000\351\000d\000a\000c\000t\000i\000o\000n\000\040\000d\000e\000\040\000l\000a\000\040\000g\000r\000a\000m\000m\000a\000i\000r\000e}{chapter.3}% 11
\BOOKMARK [1][-]{section.3.4}{\376\377\000I\000m\000p\000l\000\351\000m\000e\000n\000t\000a\000t\000i\000o\000n\000\040\000e\000n\000\040\000J\000a\000v\000a}{chapter.3}% 12
\BOOKMARK [1][-]{section.3.5}{\376\377\000C\000o\000n\000f\000i\000g\000u\000r\000a\000t\000i\000o\000n\000\040\000d\000u\000\040\000f\000i\000c\000h\000i\000e\000r\000\040\000J\000a\000v\000a\000c\000c}{chapter.3}% 13
\BOOKMARK [1][-]{section.3.6}{\376\377\000V\000\351\000r\000i\000f\000i\000c\000a\000t\000i\000o\000n\000\040\000d\000e\000\040\000l\000'\000a\000n\000a\000l\000y\000s\000e\000u\000r\000\040\000s\000y\000n\000t\000a\000x\000i\000q\000u\000e}{chapter.3}% 14
\BOOKMARK [1][-]{section.3.7}{\376\377\000I\000m\000p\000l\000\351\000m\000e\000n\000t\000a\000t\000i\000o\000n\000\040\000d\000e\000\040\000l\000'\000i\000n\000t\000e\000r\000p\000r\000\351\000t\000e\000u\000r}{chapter.3}% 15
\BOOKMARK [1][-]{section.3.8}{\376\377\000i\000m\000p\000l\000\351\000m\000e\000n\000t\000a\000t\000i\000o\000n\000\040\000d\000u\000\040\000l\000e\000c\000t\000e\000u\000r}{chapter.3}% 16
\BOOKMARK [0][-]{chapter.4}{\376\377\000D\000e\000s\000i\000g\000n\000\040\000P\000a\000t\000t\000e\000r\000n}{}% 17
\BOOKMARK [1][-]{section.4.1}{\376\377\000O\000b\000j\000e\000c\000t\000i\000f\000s\000\040\000d\000u\000\040\000p\000a\000t\000t\000e\000r\000n}{chapter.4}% 18
\BOOKMARK [1][-]{section.4.2}{\376\377\000M\000i\000s\000e\000\040\000e\000n\000\040\001\123\000u\000v\000r\000e}{chapter.4}% 19
\BOOKMARK [1][-]{section.4.3}{\376\377\000E\000x\000t\000e\000n\000s\000i\000o\000n\000\040\000\340\000\040\000u\000n\000\040\000n\000o\000u\000v\000e\000l\000\040\000u\000n\000i\000v\000e\000r\000s}{chapter.4}% 20
\BOOKMARK [0][-]{chapter.5}{\376\377\000C\000o\000n\000c\000l\000u\000s\000i\000o\000n}{}% 21
